2019-01-07 16:46:27.877 -DEBUG 6592 [kground-preinit] .h.v.m.ResourceBundleMessageInterpolator : Loaded expression factory via original TCCL
2019-01-07 16:46:29.323 -DEBUG 6592 [           main] o.m.s.mapper.ClassPathMapperScanner      : Identified candidate component class: file [F:\GitHubRepositories\tengf\tf\target\classes\edu\charles\tf\mapper\CustomerMapper.class]
2019-01-07 16:46:29.326 -DEBUG 6592 [           main] o.m.s.mapper.ClassPathMapperScanner      : Identified candidate component class: file [F:\GitHubRepositories\tengf\tf\target\classes\edu\charles\tf\mapper\genrator\ArticleEntityMapper.class]
2019-01-07 16:46:29.326 -DEBUG 6592 [           main] o.m.s.mapper.ClassPathMapperScanner      : Ignored because not a concrete top-level class: file [F:\GitHubRepositories\tengf\tf\target\classes\edu\charles\tf\mapper\genrator\ArticleEntitySqlProvider.class]
2019-01-07 16:46:29.327 -DEBUG 6592 [           main] o.m.s.mapper.ClassPathMapperScanner      : Identified candidate component class: file [F:\GitHubRepositories\tengf\tf\target\classes\edu\charles\tf\mapper\genrator\AuthorEntityMapper.class]
2019-01-07 16:46:29.327 -DEBUG 6592 [           main] o.m.s.mapper.ClassPathMapperScanner      : Ignored because not a concrete top-level class: file [F:\GitHubRepositories\tengf\tf\target\classes\edu\charles\tf\mapper\genrator\AuthorEntitySqlProvider.class]
2019-01-07 16:46:29.327 -DEBUG 6592 [           main] o.m.s.mapper.ClassPathMapperScanner      : Identified candidate component class: file [F:\GitHubRepositories\tengf\tf\target\classes\edu\charles\tf\mapper\genrator\CustomerEntityMapper.class]
2019-01-07 16:46:29.327 -DEBUG 6592 [           main] o.m.s.mapper.ClassPathMapperScanner      : Ignored because not a concrete top-level class: file [F:\GitHubRepositories\tengf\tf\target\classes\edu\charles\tf\mapper\genrator\CustomerEntitySqlProvider.class]
2019-01-07 16:46:29.328 -DEBUG 6592 [           main] o.m.s.mapper.ClassPathMapperScanner      : Identified candidate component class: file [F:\GitHubRepositories\tengf\tf\target\classes\edu\charles\tf\mapper\genrator\TagsEntityMapper.class]
2019-01-07 16:46:29.328 -DEBUG 6592 [           main] o.m.s.mapper.ClassPathMapperScanner      : Ignored because not a concrete top-level class: file [F:\GitHubRepositories\tengf\tf\target\classes\edu\charles\tf\mapper\genrator\TagsEntitySqlProvider.class]
2019-01-07 16:46:29.329 -DEBUG 6592 [           main] o.m.s.mapper.ClassPathMapperScanner      : Creating MapperFactoryBean with name 'customerMapper' and 'edu.charles.tf.mapper.CustomerMapper' mapperInterface
2019-01-07 16:46:29.329 -DEBUG 6592 [           main] o.m.s.mapper.ClassPathMapperScanner      : Enabling autowire by type for MapperFactoryBean with name 'customerMapper'.
2019-01-07 16:46:29.330 -DEBUG 6592 [           main] o.m.s.mapper.ClassPathMapperScanner      : Creating MapperFactoryBean with name 'articleEntityMapper' and 'edu.charles.tf.mapper.genrator.ArticleEntityMapper' mapperInterface
2019-01-07 16:46:29.330 -DEBUG 6592 [           main] o.m.s.mapper.ClassPathMapperScanner      : Enabling autowire by type for MapperFactoryBean with name 'articleEntityMapper'.
2019-01-07 16:46:29.330 -DEBUG 6592 [           main] o.m.s.mapper.ClassPathMapperScanner      : Creating MapperFactoryBean with name 'authorEntityMapper' and 'edu.charles.tf.mapper.genrator.AuthorEntityMapper' mapperInterface
2019-01-07 16:46:29.330 -DEBUG 6592 [           main] o.m.s.mapper.ClassPathMapperScanner      : Enabling autowire by type for MapperFactoryBean with name 'authorEntityMapper'.
2019-01-07 16:46:29.331 -DEBUG 6592 [           main] o.m.s.mapper.ClassPathMapperScanner      : Creating MapperFactoryBean with name 'customerEntityMapper' and 'edu.charles.tf.mapper.genrator.CustomerEntityMapper' mapperInterface
2019-01-07 16:46:29.331 -DEBUG 6592 [           main] o.m.s.mapper.ClassPathMapperScanner      : Enabling autowire by type for MapperFactoryBean with name 'customerEntityMapper'.
2019-01-07 16:46:29.331 -DEBUG 6592 [           main] o.m.s.mapper.ClassPathMapperScanner      : Creating MapperFactoryBean with name 'tagsEntityMapper' and 'edu.charles.tf.mapper.genrator.TagsEntityMapper' mapperInterface
2019-01-07 16:46:29.331 -DEBUG 6592 [           main] o.m.s.mapper.ClassPathMapperScanner      : Enabling autowire by type for MapperFactoryBean with name 'tagsEntityMapper'.
2019-01-07 16:46:31.806 -DEBUG 6592 [           main] o.s.web.context.ContextLoader            : Published root WebApplicationContext as ServletContext attribute with name [org.springframework.web.context.WebApplicationContext.ROOT]
2019-01-07 16:46:31.807 - INFO 6592 [           main] o.s.web.context.ContextLoader            : Root WebApplicationContext: initialization completed in 3543 ms
2019-01-07 16:46:32.255 -DEBUG 6592 [           main] o.mybatis.spring.SqlSessionFactoryBean   : Scanned package: 'edu.charles.tf.entity' for aliases
2019-01-07 16:46:32.258 -DEBUG 6592 [           main] o.mybatis.spring.SqlSessionFactoryBean   : Property 'mapperLocations' was not specified or no matching resources found
2019-01-07 16:46:32.439 -DEBUG 6592 [           main] o.s.w.s.handler.SimpleUrlHandlerMapping  : Patterns [/**/favicon.ico] in 'faviconHandlerMapping'
2019-01-07 16:46:32.744 -DEBUG 6592 [           main] s.w.s.m.m.a.RequestMappingHandlerAdapter : ControllerAdvice beans: 0 @ModelAttribute, 0 @InitBinder, 1 RequestBodyAdvice, 1 ResponseBodyAdvice
2019-01-07 16:46:32.840 -DEBUG 6592 [           main] s.w.s.m.m.a.RequestMappingHandlerMapping : 3 mappings in 'requestMappingHandlerMapping'
2019-01-07 16:46:32.864 -DEBUG 6592 [           main] o.s.w.s.handler.SimpleUrlHandlerMapping  : Patterns [/webjars/**, /**] in 'resourceHandlerMapping'
2019-01-07 16:46:32.881 -DEBUG 6592 [           main] .m.m.a.ExceptionHandlerExceptionResolver : ControllerAdvice beans: 0 @ExceptionHandler, 1 ResponseBodyAdvice
2019-01-07 16:46:33.399 -DEBUG 6592 [           main] eGlobalAuthenticationAutowiredConfigurer : Eagerly initializing {org.springframework.boot.autoconfigure.security.servlet.WebSecurityEnablerConfiguration=org.springframework.boot.autoconfigure.security.servlet.WebSecurityEnablerConfiguration$$EnhancerBySpringCGLIB$$69b97c95@4099209b}
2019-01-07 16:46:33.486 -DEBUG 6592 [           main] s.s.c.a.w.c.WebSecurityConfigurerAdapter : Using default configure(HttpSecurity). If subclassed this will potentially override subclass configure(HttpSecurity).
2019-01-07 16:46:33.550 -DEBUG 6592 [           main] edFilterInvocationSecurityMetadataSource : Adding web access control expression 'authenticated', for any request
2019-01-07 16:46:33.559 -DEBUG 6592 [           main] o.s.s.w.a.i.FilterSecurityInterceptor    : Validated configuration attributes
2019-01-07 16:46:33.561 -DEBUG 6592 [           main] o.s.s.w.a.i.FilterSecurityInterceptor    : Validated configuration attributes
2019-01-07 16:46:33.567 - INFO 6592 [           main] o.s.s.web.DefaultSecurityFilterChain     : Creating filter chain: any request, [org.springframework.security.web.context.request.async.WebAsyncManagerIntegrationFilter@4262fdeb, org.springframework.security.web.context.SecurityContextPersistenceFilter@60f77af, org.springframework.security.web.header.HeaderWriterFilter@348137e8, org.springframework.security.web.csrf.CsrfFilter@261bd7b, org.springframework.security.web.authentication.logout.LogoutFilter@1de4bee0, org.springframework.security.web.authentication.UsernamePasswordAuthenticationFilter@1f736d00, org.springframework.security.web.authentication.ui.DefaultLoginPageGeneratingFilter@4293e066, org.springframework.security.web.authentication.ui.DefaultLogoutPageGeneratingFilter@5f0a2638, org.springframework.security.web.authentication.www.BasicAuthenticationFilter@4f59a516, org.springframework.security.web.savedrequest.RequestCacheAwareFilter@18b6d3c1, org.springframework.security.web.servletapi.SecurityContextHolderAwareRequestFilter@3ad8717d, org.springframework.security.web.authentication.AnonymousAuthenticationFilter@5382184b, org.springframework.security.web.session.SessionManagementFilter@637791d, org.springframework.security.web.access.ExceptionTranslationFilter@5042e3d0, org.springframework.security.web.access.intercept.FilterSecurityInterceptor@577536e0]
2019-01-07 17:01:16.204 -DEBUG 5912 [           main] o.m.s.mapper.ClassPathMapperScanner      : Identified candidate component class: file [F:\GitHubRepositories\tengf\tf\target\classes\edu\charles\tf\mapper\CustomerMapper.class]
2019-01-07 17:01:16.208 -DEBUG 5912 [           main] o.m.s.mapper.ClassPathMapperScanner      : Identified candidate component class: file [F:\GitHubRepositories\tengf\tf\target\classes\edu\charles\tf\mapper\genrator\ArticleEntityMapper.class]
2019-01-07 17:01:16.209 -DEBUG 5912 [           main] o.m.s.mapper.ClassPathMapperScanner      : Ignored because not a concrete top-level class: file [F:\GitHubRepositories\tengf\tf\target\classes\edu\charles\tf\mapper\genrator\ArticleEntitySqlProvider.class]
2019-01-07 17:01:16.209 -DEBUG 5912 [           main] o.m.s.mapper.ClassPathMapperScanner      : Identified candidate component class: file [F:\GitHubRepositories\tengf\tf\target\classes\edu\charles\tf\mapper\genrator\AuthorEntityMapper.class]
2019-01-07 17:01:16.209 -DEBUG 5912 [           main] o.m.s.mapper.ClassPathMapperScanner      : Ignored because not a concrete top-level class: file [F:\GitHubRepositories\tengf\tf\target\classes\edu\charles\tf\mapper\genrator\AuthorEntitySqlProvider.class]
2019-01-07 17:01:16.209 -DEBUG 5912 [           main] o.m.s.mapper.ClassPathMapperScanner      : Identified candidate component class: file [F:\GitHubRepositories\tengf\tf\target\classes\edu\charles\tf\mapper\genrator\CustomerEntityMapper.class]
2019-01-07 17:01:16.209 -DEBUG 5912 [           main] o.m.s.mapper.ClassPathMapperScanner      : Ignored because not a concrete top-level class: file [F:\GitHubRepositories\tengf\tf\target\classes\edu\charles\tf\mapper\genrator\CustomerEntitySqlProvider.class]
2019-01-07 17:01:16.209 -DEBUG 5912 [           main] o.m.s.mapper.ClassPathMapperScanner      : Identified candidate component class: file [F:\GitHubRepositories\tengf\tf\target\classes\edu\charles\tf\mapper\genrator\TagsEntityMapper.class]
2019-01-07 17:01:16.209 -DEBUG 5912 [           main] o.m.s.mapper.ClassPathMapperScanner      : Ignored because not a concrete top-level class: file [F:\GitHubRepositories\tengf\tf\target\classes\edu\charles\tf\mapper\genrator\TagsEntitySqlProvider.class]
2019-01-07 17:01:16.209 -DEBUG 5912 [           main] o.m.s.mapper.ClassPathMapperScanner      : Creating MapperFactoryBean with name 'customerMapper' and 'edu.charles.tf.mapper.CustomerMapper' mapperInterface
2019-01-07 17:01:16.210 -DEBUG 5912 [           main] o.m.s.mapper.ClassPathMapperScanner      : Enabling autowire by type for MapperFactoryBean with name 'customerMapper'.
2019-01-07 17:01:16.210 -DEBUG 5912 [           main] o.m.s.mapper.ClassPathMapperScanner      : Creating MapperFactoryBean with name 'articleEntityMapper' and 'edu.charles.tf.mapper.genrator.ArticleEntityMapper' mapperInterface
2019-01-07 17:01:16.210 -DEBUG 5912 [           main] o.m.s.mapper.ClassPathMapperScanner      : Enabling autowire by type for MapperFactoryBean with name 'articleEntityMapper'.
2019-01-07 17:01:16.210 -DEBUG 5912 [           main] o.m.s.mapper.ClassPathMapperScanner      : Creating MapperFactoryBean with name 'authorEntityMapper' and 'edu.charles.tf.mapper.genrator.AuthorEntityMapper' mapperInterface
2019-01-07 17:01:16.210 -DEBUG 5912 [           main] o.m.s.mapper.ClassPathMapperScanner      : Enabling autowire by type for MapperFactoryBean with name 'authorEntityMapper'.
2019-01-07 17:01:16.210 -DEBUG 5912 [           main] o.m.s.mapper.ClassPathMapperScanner      : Creating MapperFactoryBean with name 'customerEntityMapper' and 'edu.charles.tf.mapper.genrator.CustomerEntityMapper' mapperInterface
2019-01-07 17:01:16.210 -DEBUG 5912 [           main] o.m.s.mapper.ClassPathMapperScanner      : Enabling autowire by type for MapperFactoryBean with name 'customerEntityMapper'.
2019-01-07 17:01:16.210 -DEBUG 5912 [           main] o.m.s.mapper.ClassPathMapperScanner      : Creating MapperFactoryBean with name 'tagsEntityMapper' and 'edu.charles.tf.mapper.genrator.TagsEntityMapper' mapperInterface
2019-01-07 17:01:16.210 -DEBUG 5912 [           main] o.m.s.mapper.ClassPathMapperScanner      : Enabling autowire by type for MapperFactoryBean with name 'tagsEntityMapper'.
2019-01-07 17:01:17.355 -DEBUG 5912 [           main] o.s.web.context.ContextLoader            : Published root WebApplicationContext as ServletContext attribute with name [org.springframework.web.context.WebApplicationContext.ROOT]
2019-01-07 17:01:17.355 - INFO 5912 [           main] o.s.web.context.ContextLoader            : Root WebApplicationContext: initialization completed in 1987 ms
2019-01-07 17:01:17.582 -DEBUG 5912 [           main] o.mybatis.spring.SqlSessionFactoryBean   : Scanned package: 'edu.charles.tf.entity' for aliases
2019-01-07 17:01:17.583 -DEBUG 5912 [           main] o.mybatis.spring.SqlSessionFactoryBean   : Property 'mapperLocations' was not specified or no matching resources found
2019-01-07 17:01:17.704 -DEBUG 5912 [           main] o.s.w.s.handler.SimpleUrlHandlerMapping  : Patterns [/**/favicon.ico] in 'faviconHandlerMapping'
2019-01-07 17:01:17.854 -DEBUG 5912 [           main] s.w.s.m.m.a.RequestMappingHandlerAdapter : ControllerAdvice beans: 0 @ModelAttribute, 0 @InitBinder, 1 RequestBodyAdvice, 1 ResponseBodyAdvice
2019-01-07 17:01:17.924 -DEBUG 5912 [           main] s.w.s.m.m.a.RequestMappingHandlerMapping : 3 mappings in 'requestMappingHandlerMapping'
2019-01-07 17:01:17.937 -DEBUG 5912 [           main] o.s.w.s.handler.SimpleUrlHandlerMapping  : Patterns [/webjars/**, /**] in 'resourceHandlerMapping'
2019-01-07 17:01:17.951 -DEBUG 5912 [           main] .m.m.a.ExceptionHandlerExceptionResolver : ControllerAdvice beans: 0 @ExceptionHandler, 1 ResponseBodyAdvice
2019-01-07 17:01:18.335 -DEBUG 5912 [           main] eGlobalAuthenticationAutowiredConfigurer : Eagerly initializing {org.springframework.boot.autoconfigure.security.servlet.WebSecurityEnablerConfiguration=org.springframework.boot.autoconfigure.security.servlet.WebSecurityEnablerConfiguration$$EnhancerBySpringCGLIB$$8a8bcce0@70029d2d}
2019-01-07 17:01:18.413 -DEBUG 5912 [           main] s.s.c.a.w.c.WebSecurityConfigurerAdapter : Using default configure(HttpSecurity). If subclassed this will potentially override subclass configure(HttpSecurity).
2019-01-07 17:01:18.465 -DEBUG 5912 [           main] edFilterInvocationSecurityMetadataSource : Adding web access control expression 'authenticated', for any request
2019-01-07 17:01:18.473 -DEBUG 5912 [           main] o.s.s.w.a.i.FilterSecurityInterceptor    : Validated configuration attributes
2019-01-07 17:01:18.475 -DEBUG 5912 [           main] o.s.s.w.a.i.FilterSecurityInterceptor    : Validated configuration attributes
2019-01-07 17:01:18.479 - INFO 5912 [           main] o.s.s.web.DefaultSecurityFilterChain     : Creating filter chain: any request, [org.springframework.security.web.context.request.async.WebAsyncManagerIntegrationFilter@2ce03e86, org.springframework.security.web.context.SecurityContextPersistenceFilter@69f2cb04, org.springframework.security.web.header.HeaderWriterFilter@5921b93c, org.springframework.security.web.csrf.CsrfFilter@40ce9049, org.springframework.security.web.authentication.logout.LogoutFilter@27dc627a, org.springframework.security.web.authentication.UsernamePasswordAuthenticationFilter@365afe87, org.springframework.security.web.authentication.ui.DefaultLoginPageGeneratingFilter@7f3ca64a, org.springframework.security.web.authentication.ui.DefaultLogoutPageGeneratingFilter@1c628f6a, org.springframework.security.web.authentication.www.BasicAuthenticationFilter@7b53b1ad, org.springframework.security.web.savedrequest.RequestCacheAwareFilter@b4732dc, org.springframework.security.web.servletapi.SecurityContextHolderAwareRequestFilter@58833798, org.springframework.security.web.authentication.AnonymousAuthenticationFilter@9b47400, org.springframework.security.web.session.SessionManagementFilter@19b02dfd, org.springframework.security.web.access.ExceptionTranslationFilter@420a8042, org.springframework.security.web.access.intercept.FilterSecurityInterceptor@4b425577]
2019-01-07 17:03:41.191 -DEBUG 8656 [           main] o.m.s.mapper.ClassPathMapperScanner      : Identified candidate component class: file [F:\GitHubRepositories\tengf\tf\target\classes\edu\charles\tf\mapper\CustomerMapper.class]
2019-01-07 17:03:41.195 -DEBUG 8656 [           main] o.m.s.mapper.ClassPathMapperScanner      : Identified candidate component class: file [F:\GitHubRepositories\tengf\tf\target\classes\edu\charles\tf\mapper\genrator\ArticleEntityMapper.class]
2019-01-07 17:03:41.195 -DEBUG 8656 [           main] o.m.s.mapper.ClassPathMapperScanner      : Ignored because not a concrete top-level class: file [F:\GitHubRepositories\tengf\tf\target\classes\edu\charles\tf\mapper\genrator\ArticleEntitySqlProvider.class]
2019-01-07 17:03:41.196 -DEBUG 8656 [           main] o.m.s.mapper.ClassPathMapperScanner      : Identified candidate component class: file [F:\GitHubRepositories\tengf\tf\target\classes\edu\charles\tf\mapper\genrator\AuthorEntityMapper.class]
2019-01-07 17:03:41.196 -DEBUG 8656 [           main] o.m.s.mapper.ClassPathMapperScanner      : Ignored because not a concrete top-level class: file [F:\GitHubRepositories\tengf\tf\target\classes\edu\charles\tf\mapper\genrator\AuthorEntitySqlProvider.class]
2019-01-07 17:03:41.196 -DEBUG 8656 [           main] o.m.s.mapper.ClassPathMapperScanner      : Identified candidate component class: file [F:\GitHubRepositories\tengf\tf\target\classes\edu\charles\tf\mapper\genrator\CustomerEntityMapper.class]
2019-01-07 17:03:41.196 -DEBUG 8656 [           main] o.m.s.mapper.ClassPathMapperScanner      : Ignored because not a concrete top-level class: file [F:\GitHubRepositories\tengf\tf\target\classes\edu\charles\tf\mapper\genrator\CustomerEntitySqlProvider.class]
2019-01-07 17:03:41.196 -DEBUG 8656 [           main] o.m.s.mapper.ClassPathMapperScanner      : Identified candidate component class: file [F:\GitHubRepositories\tengf\tf\target\classes\edu\charles\tf\mapper\genrator\TagsEntityMapper.class]
2019-01-07 17:03:41.196 -DEBUG 8656 [           main] o.m.s.mapper.ClassPathMapperScanner      : Ignored because not a concrete top-level class: file [F:\GitHubRepositories\tengf\tf\target\classes\edu\charles\tf\mapper\genrator\TagsEntitySqlProvider.class]
2019-01-07 17:03:41.196 -DEBUG 8656 [           main] o.m.s.mapper.ClassPathMapperScanner      : Creating MapperFactoryBean with name 'customerMapper' and 'edu.charles.tf.mapper.CustomerMapper' mapperInterface
2019-01-07 17:03:41.196 -DEBUG 8656 [           main] o.m.s.mapper.ClassPathMapperScanner      : Enabling autowire by type for MapperFactoryBean with name 'customerMapper'.
2019-01-07 17:03:41.196 -DEBUG 8656 [           main] o.m.s.mapper.ClassPathMapperScanner      : Creating MapperFactoryBean with name 'articleEntityMapper' and 'edu.charles.tf.mapper.genrator.ArticleEntityMapper' mapperInterface
2019-01-07 17:03:41.197 -DEBUG 8656 [           main] o.m.s.mapper.ClassPathMapperScanner      : Enabling autowire by type for MapperFactoryBean with name 'articleEntityMapper'.
2019-01-07 17:03:41.197 -DEBUG 8656 [           main] o.m.s.mapper.ClassPathMapperScanner      : Creating MapperFactoryBean with name 'authorEntityMapper' and 'edu.charles.tf.mapper.genrator.AuthorEntityMapper' mapperInterface
2019-01-07 17:03:41.197 -DEBUG 8656 [           main] o.m.s.mapper.ClassPathMapperScanner      : Enabling autowire by type for MapperFactoryBean with name 'authorEntityMapper'.
2019-01-07 17:03:41.197 -DEBUG 8656 [           main] o.m.s.mapper.ClassPathMapperScanner      : Creating MapperFactoryBean with name 'customerEntityMapper' and 'edu.charles.tf.mapper.genrator.CustomerEntityMapper' mapperInterface
2019-01-07 17:03:41.197 -DEBUG 8656 [           main] o.m.s.mapper.ClassPathMapperScanner      : Enabling autowire by type for MapperFactoryBean with name 'customerEntityMapper'.
2019-01-07 17:03:41.197 -DEBUG 8656 [           main] o.m.s.mapper.ClassPathMapperScanner      : Creating MapperFactoryBean with name 'tagsEntityMapper' and 'edu.charles.tf.mapper.genrator.TagsEntityMapper' mapperInterface
2019-01-07 17:03:41.197 -DEBUG 8656 [           main] o.m.s.mapper.ClassPathMapperScanner      : Enabling autowire by type for MapperFactoryBean with name 'tagsEntityMapper'.
2019-01-07 17:03:42.384 -DEBUG 8656 [           main] o.s.web.context.ContextLoader            : Published root WebApplicationContext as ServletContext attribute with name [org.springframework.web.context.WebApplicationContext.ROOT]
2019-01-07 17:03:42.384 - INFO 8656 [           main] o.s.web.context.ContextLoader            : Root WebApplicationContext: initialization completed in 1861 ms
2019-01-07 17:03:42.578 -DEBUG 8656 [           main] o.mybatis.spring.SqlSessionFactoryBean   : Scanned package: 'edu.charles.tf.entity' for aliases
2019-01-07 17:03:42.580 -DEBUG 8656 [           main] o.mybatis.spring.SqlSessionFactoryBean   : Property 'mapperLocations' was not specified or no matching resources found
2019-01-07 17:03:42.707 -DEBUG 8656 [           main] o.s.w.s.handler.SimpleUrlHandlerMapping  : Patterns [/**/favicon.ico] in 'faviconHandlerMapping'
2019-01-07 17:03:42.845 -DEBUG 8656 [           main] s.w.s.m.m.a.RequestMappingHandlerAdapter : ControllerAdvice beans: 0 @ModelAttribute, 0 @InitBinder, 1 RequestBodyAdvice, 1 ResponseBodyAdvice
2019-01-07 17:03:42.901 -DEBUG 8656 [           main] s.w.s.m.m.a.RequestMappingHandlerMapping : 3 mappings in 'requestMappingHandlerMapping'
2019-01-07 17:03:42.914 -DEBUG 8656 [           main] o.s.w.s.handler.SimpleUrlHandlerMapping  : Patterns [/webjars/**, /**] in 'resourceHandlerMapping'
2019-01-07 17:03:42.926 -DEBUG 8656 [           main] .m.m.a.ExceptionHandlerExceptionResolver : ControllerAdvice beans: 0 @ExceptionHandler, 1 ResponseBodyAdvice
2019-01-07 17:03:43.388 -DEBUG 8656 [           main] eGlobalAuthenticationAutowiredConfigurer : Eagerly initializing {org.springframework.boot.autoconfigure.security.servlet.WebSecurityEnablerConfiguration=org.springframework.boot.autoconfigure.security.servlet.WebSecurityEnablerConfiguration$$EnhancerBySpringCGLIB$$fd70be3e@43f03c23}
2019-01-07 17:03:43.498 -DEBUG 8656 [           main] s.s.c.a.w.c.WebSecurityConfigurerAdapter : Using default configure(HttpSecurity). If subclassed this will potentially override subclass configure(HttpSecurity).
2019-01-07 17:03:43.589 -DEBUG 8656 [           main] edFilterInvocationSecurityMetadataSource : Adding web access control expression 'authenticated', for any request
2019-01-07 17:03:43.598 -DEBUG 8656 [           main] o.s.s.w.a.i.FilterSecurityInterceptor    : Validated configuration attributes
2019-01-07 17:03:43.599 -DEBUG 8656 [           main] o.s.s.w.a.i.FilterSecurityInterceptor    : Validated configuration attributes
2019-01-07 17:03:43.604 - INFO 8656 [           main] o.s.s.web.DefaultSecurityFilterChain     : Creating filter chain: any request, [org.springframework.security.web.context.request.async.WebAsyncManagerIntegrationFilter@b6bccb4, org.springframework.security.web.context.SecurityContextPersistenceFilter@681c0ae6, org.springframework.security.web.header.HeaderWriterFilter@15639d09, org.springframework.security.web.csrf.CsrfFilter@5b1efaaf, org.springframework.security.web.authentication.logout.LogoutFilter@1953bc95, org.springframework.security.web.authentication.UsernamePasswordAuthenticationFilter@5f9f3e58, org.springframework.security.web.authentication.ui.DefaultLoginPageGeneratingFilter@1a2e0d57, org.springframework.security.web.authentication.ui.DefaultLogoutPageGeneratingFilter@49edcb30, org.springframework.security.web.authentication.www.BasicAuthenticationFilter@87d9a01, org.springframework.security.web.savedrequest.RequestCacheAwareFilter@4d98e41b, org.springframework.security.web.servletapi.SecurityContextHolderAwareRequestFilter@f2d890c, org.springframework.security.web.authentication.AnonymousAuthenticationFilter@59303963, org.springframework.security.web.session.SessionManagementFilter@52bd9a27, org.springframework.security.web.access.ExceptionTranslationFilter@7634f2b, org.springframework.security.web.access.intercept.FilterSecurityInterceptor@3380ca3d]
2019-01-07 17:04:12.428 - INFO 8656 [nio-8080-exec-1] o.s.web.servlet.DispatcherServlet        : Initializing Servlet 'dispatcherServlet'
2019-01-07 17:04:12.429 -DEBUG 8656 [nio-8080-exec-1] o.s.web.servlet.DispatcherServlet        : Detected StandardServletMultipartResolver
2019-01-07 17:04:12.468 -DEBUG 8656 [nio-8080-exec-1] o.s.web.servlet.DispatcherServlet        : enableLoggingRequestDetails='false': request parameters and headers will be masked to prevent unsafe logging of potentially sensitive data
2019-01-07 17:04:12.468 - INFO 8656 [nio-8080-exec-1] o.s.web.servlet.DispatcherServlet        : Completed initialization in 39 ms
2019-01-07 17:04:12.620 -DEBUG 8656 [nio-8080-exec-1] o.s.security.web.FilterChainProxy        : /custom/add at position 1 of 15 in additional filter chain; firing Filter: 'WebAsyncManagerIntegrationFilter'
2019-01-07 17:04:12.657 -DEBUG 8656 [nio-8080-exec-1] o.s.security.web.FilterChainProxy        : /custom/add at position 2 of 15 in additional filter chain; firing Filter: 'SecurityContextPersistenceFilter'
2019-01-07 17:04:12.658 -DEBUG 8656 [nio-8080-exec-1] w.c.HttpSessionSecurityContextRepository : No HttpSession currently exists
2019-01-07 17:04:12.658 -DEBUG 8656 [nio-8080-exec-1] w.c.HttpSessionSecurityContextRepository : No SecurityContext was available from the HttpSession: null. A new one will be created.
2019-01-07 17:04:12.662 -DEBUG 8656 [nio-8080-exec-1] o.s.security.web.FilterChainProxy        : /custom/add at position 3 of 15 in additional filter chain; firing Filter: 'HeaderWriterFilter'
2019-01-07 17:04:12.665 -DEBUG 8656 [nio-8080-exec-1] o.s.security.web.FilterChainProxy        : /custom/add at position 4 of 15 in additional filter chain; firing Filter: 'CsrfFilter'
2019-01-07 17:04:12.675 -DEBUG 8656 [nio-8080-exec-1] o.s.security.web.csrf.CsrfFilter         : Invalid CSRF token found for http://localhost:8080/custom/add
2019-01-07 17:04:12.677 -DEBUG 8656 [nio-8080-exec-1] o.s.s.w.header.writers.HstsHeaderWriter  : Not injecting HSTS header since it did not match the requestMatcher org.springframework.security.web.header.writers.HstsHeaderWriter$SecureRequestMatcher@6d867986
2019-01-07 17:04:12.677 -DEBUG 8656 [nio-8080-exec-1] w.c.HttpSessionSecurityContextRepository : SecurityContext is empty or contents are anonymous - context will not be stored in HttpSession.
2019-01-07 17:04:12.688 -DEBUG 8656 [nio-8080-exec-1] s.s.w.c.SecurityContextPersistenceFilter : SecurityContextHolder now cleared, as request processing completed
2019-01-07 17:04:12.696 -DEBUG 8656 [nio-8080-exec-1] o.s.security.web.FilterChainProxy        : /error at position 1 of 15 in additional filter chain; firing Filter: 'WebAsyncManagerIntegrationFilter'
2019-01-07 17:04:12.696 -DEBUG 8656 [nio-8080-exec-1] o.s.security.web.FilterChainProxy        : /error at position 2 of 15 in additional filter chain; firing Filter: 'SecurityContextPersistenceFilter'
2019-01-07 17:04:12.696 -DEBUG 8656 [nio-8080-exec-1] w.c.HttpSessionSecurityContextRepository : HttpSession returned null object for SPRING_SECURITY_CONTEXT
2019-01-07 17:04:12.697 -DEBUG 8656 [nio-8080-exec-1] w.c.HttpSessionSecurityContextRepository : No SecurityContext was available from the HttpSession: org.apache.catalina.session.StandardSessionFacade@6077ac30. A new one will be created.
2019-01-07 17:04:12.697 -DEBUG 8656 [nio-8080-exec-1] o.s.security.web.FilterChainProxy        : /error at position 3 of 15 in additional filter chain; firing Filter: 'HeaderWriterFilter'
2019-01-07 17:04:12.697 -DEBUG 8656 [nio-8080-exec-1] o.s.security.web.FilterChainProxy        : /error at position 4 of 15 in additional filter chain; firing Filter: 'CsrfFilter'
2019-01-07 17:04:12.697 -DEBUG 8656 [nio-8080-exec-1] o.s.security.web.FilterChainProxy        : /error at position 5 of 15 in additional filter chain; firing Filter: 'LogoutFilter'
2019-01-07 17:04:12.697 -DEBUG 8656 [nio-8080-exec-1] o.s.s.w.u.matcher.AntPathRequestMatcher  : Checking match of request : '/error'; against '/logout'
2019-01-07 17:04:12.697 -DEBUG 8656 [nio-8080-exec-1] o.s.security.web.FilterChainProxy        : /error at position 6 of 15 in additional filter chain; firing Filter: 'UsernamePasswordAuthenticationFilter'
2019-01-07 17:04:12.698 -DEBUG 8656 [nio-8080-exec-1] o.s.s.w.u.matcher.AntPathRequestMatcher  : Checking match of request : '/error'; against '/login'
2019-01-07 17:04:12.698 -DEBUG 8656 [nio-8080-exec-1] o.s.security.web.FilterChainProxy        : /error at position 7 of 15 in additional filter chain; firing Filter: 'DefaultLoginPageGeneratingFilter'
2019-01-07 17:04:12.698 -DEBUG 8656 [nio-8080-exec-1] o.s.security.web.FilterChainProxy        : /error at position 8 of 15 in additional filter chain; firing Filter: 'DefaultLogoutPageGeneratingFilter'
2019-01-07 17:04:12.698 -DEBUG 8656 [nio-8080-exec-1] o.s.security.web.FilterChainProxy        : /error at position 9 of 15 in additional filter chain; firing Filter: 'BasicAuthenticationFilter'
2019-01-07 17:04:12.698 -DEBUG 8656 [nio-8080-exec-1] o.s.security.web.FilterChainProxy        : /error at position 10 of 15 in additional filter chain; firing Filter: 'RequestCacheAwareFilter'
2019-01-07 17:04:12.698 -DEBUG 8656 [nio-8080-exec-1] o.s.s.w.s.HttpSessionRequestCache        : saved request doesn't match
2019-01-07 17:04:12.698 -DEBUG 8656 [nio-8080-exec-1] o.s.security.web.FilterChainProxy        : /error at position 11 of 15 in additional filter chain; firing Filter: 'SecurityContextHolderAwareRequestFilter'
2019-01-07 17:04:12.701 -DEBUG 8656 [nio-8080-exec-1] o.s.security.web.FilterChainProxy        : /error at position 12 of 15 in additional filter chain; firing Filter: 'AnonymousAuthenticationFilter'
2019-01-07 17:04:12.703 -DEBUG 8656 [nio-8080-exec-1] o.s.s.w.a.AnonymousAuthenticationFilter  : Populated SecurityContextHolder with anonymous token: 'org.springframework.security.authentication.AnonymousAuthenticationToken@afc40cc: Principal: anonymousUser; Credentials: [PROTECTED]; Authenticated: true; Details: org.springframework.security.web.authentication.WebAuthenticationDetails@43458: RemoteIpAddress: 0:0:0:0:0:0:0:1; SessionId: A10E14F30F44792403FC75747BD6D188; Granted Authorities: ROLE_ANONYMOUS'
2019-01-07 17:04:12.704 -DEBUG 8656 [nio-8080-exec-1] o.s.security.web.FilterChainProxy        : /error at position 13 of 15 in additional filter chain; firing Filter: 'SessionManagementFilter'
2019-01-07 17:04:12.704 -DEBUG 8656 [nio-8080-exec-1] o.s.security.web.FilterChainProxy        : /error at position 14 of 15 in additional filter chain; firing Filter: 'ExceptionTranslationFilter'
2019-01-07 17:04:12.704 -DEBUG 8656 [nio-8080-exec-1] o.s.security.web.FilterChainProxy        : /error at position 15 of 15 in additional filter chain; firing Filter: 'FilterSecurityInterceptor'
2019-01-07 17:04:12.705 -DEBUG 8656 [nio-8080-exec-1] o.s.s.w.a.i.FilterSecurityInterceptor    : Secure object: FilterInvocation: URL: /error; Attributes: [authenticated]
2019-01-07 17:04:12.706 -DEBUG 8656 [nio-8080-exec-1] o.s.s.w.a.i.FilterSecurityInterceptor    : Previously Authenticated: org.springframework.security.authentication.AnonymousAuthenticationToken@afc40cc: Principal: anonymousUser; Credentials: [PROTECTED]; Authenticated: true; Details: org.springframework.security.web.authentication.WebAuthenticationDetails@43458: RemoteIpAddress: 0:0:0:0:0:0:0:1; SessionId: A10E14F30F44792403FC75747BD6D188; Granted Authorities: ROLE_ANONYMOUS
2019-01-07 17:04:12.715 -DEBUG 8656 [nio-8080-exec-1] o.s.s.access.vote.AffirmativeBased       : Voter: org.springframework.security.web.access.expression.WebExpressionVoter@75cfb111, returned: -1
2019-01-07 17:04:12.739 -DEBUG 8656 [nio-8080-exec-1] o.s.s.w.a.ExceptionTranslationFilter     : Access is denied (user is anonymous); redirecting to authentication entry point
org.springframework.security.access.AccessDeniedException: Access is denied
	at org.springframework.security.access.vote.AffirmativeBased.decide(AffirmativeBased.java:84)
	at org.springframework.security.access.intercept.AbstractSecurityInterceptor.beforeInvocation(AbstractSecurityInterceptor.java:233)
	at org.springframework.security.web.access.intercept.FilterSecurityInterceptor.invoke(FilterSecurityInterceptor.java:124)
	at org.springframework.security.web.access.intercept.FilterSecurityInterceptor.doFilter(FilterSecurityInterceptor.java:91)
	at org.springframework.security.web.FilterChainProxy$VirtualFilterChain.doFilter(FilterChainProxy.java:334)
	at org.springframework.security.web.access.ExceptionTranslationFilter.doFilter(ExceptionTranslationFilter.java:119)
	at org.springframework.security.web.FilterChainProxy$VirtualFilterChain.doFilter(FilterChainProxy.java:334)
	at org.springframework.security.web.session.SessionManagementFilter.doFilter(SessionManagementFilter.java:137)
	at org.springframework.security.web.FilterChainProxy$VirtualFilterChain.doFilter(FilterChainProxy.java:334)
	at org.springframework.security.web.authentication.AnonymousAuthenticationFilter.doFilter(AnonymousAuthenticationFilter.java:111)
	at org.springframework.security.web.FilterChainProxy$VirtualFilterChain.doFilter(FilterChainProxy.java:334)
	at org.springframework.security.web.servletapi.SecurityContextHolderAwareRequestFilter.doFilter(SecurityContextHolderAwareRequestFilter.java:170)
	at org.springframework.security.web.FilterChainProxy$VirtualFilterChain.doFilter(FilterChainProxy.java:334)
	at org.springframework.security.web.savedrequest.RequestCacheAwareFilter.doFilter(RequestCacheAwareFilter.java:63)
	at org.springframework.security.web.FilterChainProxy$VirtualFilterChain.doFilter(FilterChainProxy.java:334)
	at org.springframework.web.filter.OncePerRequestFilter.doFilter(OncePerRequestFilter.java:101)
	at org.springframework.security.web.FilterChainProxy$VirtualFilterChain.doFilter(FilterChainProxy.java:334)
	at org.springframework.web.filter.OncePerRequestFilter.doFilter(OncePerRequestFilter.java:101)
	at org.springframework.security.web.FilterChainProxy$VirtualFilterChain.doFilter(FilterChainProxy.java:334)
	at org.springframework.security.web.authentication.ui.DefaultLoginPageGeneratingFilter.doFilter(DefaultLoginPageGeneratingFilter.java:206)
	at org.springframework.security.web.FilterChainProxy$VirtualFilterChain.doFilter(FilterChainProxy.java:334)
	at org.springframework.security.web.authentication.AbstractAuthenticationProcessingFilter.doFilter(AbstractAuthenticationProcessingFilter.java:200)
	at org.springframework.security.web.FilterChainProxy$VirtualFilterChain.doFilter(FilterChainProxy.java:334)
	at org.springframework.security.web.authentication.logout.LogoutFilter.doFilter(LogoutFilter.java:116)
	at org.springframework.security.web.FilterChainProxy$VirtualFilterChain.doFilter(FilterChainProxy.java:334)
	at org.springframework.web.filter.OncePerRequestFilter.doFilter(OncePerRequestFilter.java:101)
	at org.springframework.security.web.FilterChainProxy$VirtualFilterChain.doFilter(FilterChainProxy.java:334)
	at org.springframework.web.filter.OncePerRequestFilter.doFilter(OncePerRequestFilter.java:101)
	at org.springframework.security.web.FilterChainProxy$VirtualFilterChain.doFilter(FilterChainProxy.java:334)
	at org.springframework.security.web.context.SecurityContextPersistenceFilter.doFilter(SecurityContextPersistenceFilter.java:105)
	at org.springframework.security.web.FilterChainProxy$VirtualFilterChain.doFilter(FilterChainProxy.java:334)
	at org.springframework.web.filter.OncePerRequestFilter.doFilter(OncePerRequestFilter.java:101)
	at org.springframework.security.web.FilterChainProxy$VirtualFilterChain.doFilter(FilterChainProxy.java:334)
	at org.springframework.security.web.FilterChainProxy.doFilterInternal(FilterChainProxy.java:215)
	at org.springframework.security.web.FilterChainProxy.doFilter(FilterChainProxy.java:178)
	at org.springframework.web.filter.DelegatingFilterProxy.invokeDelegate(DelegatingFilterProxy.java:357)
	at org.springframework.web.filter.DelegatingFilterProxy.doFilter(DelegatingFilterProxy.java:270)
	at org.apache.catalina.core.ApplicationFilterChain.internalDoFilter(ApplicationFilterChain.java:193)
	at org.apache.catalina.core.ApplicationFilterChain.doFilter(ApplicationFilterChain.java:166)
	at org.apache.catalina.core.ApplicationDispatcher.invoke(ApplicationDispatcher.java:712)
	at org.apache.catalina.core.ApplicationDispatcher.processRequest(ApplicationDispatcher.java:461)
	at org.apache.catalina.core.ApplicationDispatcher.doForward(ApplicationDispatcher.java:384)
	at org.apache.catalina.core.ApplicationDispatcher.forward(ApplicationDispatcher.java:312)
	at org.apache.catalina.core.StandardHostValve.custom(StandardHostValve.java:394)
	at org.apache.catalina.core.StandardHostValve.status(StandardHostValve.java:253)
	at org.apache.catalina.core.StandardHostValve.invoke(StandardHostValve.java:175)
	at org.apache.catalina.valves.ErrorReportValve.invoke(ErrorReportValve.java:92)
	at org.apache.catalina.core.StandardEngineValve.invoke(StandardEngineValve.java:74)
	at org.apache.catalina.connector.CoyoteAdapter.service(CoyoteAdapter.java:343)
	at org.apache.coyote.http11.Http11Processor.service(Http11Processor.java:408)
	at org.apache.coyote.AbstractProcessorLight.process(AbstractProcessorLight.java:66)
	at org.apache.coyote.AbstractProtocol$ConnectionHandler.process(AbstractProtocol.java:791)
	at org.apache.tomcat.util.net.NioEndpoint$SocketProcessor.doRun(NioEndpoint.java:1417)
	at org.apache.tomcat.util.net.SocketProcessorBase.run(SocketProcessorBase.java:49)
	at java.util.concurrent.ThreadPoolExecutor.runWorker(ThreadPoolExecutor.java:1142)
	at java.util.concurrent.ThreadPoolExecutor$Worker.run(ThreadPoolExecutor.java:617)
	at org.apache.tomcat.util.threads.TaskThread$WrappingRunnable.run(TaskThread.java:61)
	at java.lang.Thread.run(Thread.java:745)
2019-01-07 17:04:12.768 -DEBUG 8656 [nio-8080-exec-1] o.s.s.w.util.matcher.AndRequestMatcher   : Trying to match using Ant [pattern='/**', GET]
2019-01-07 17:04:12.768 -DEBUG 8656 [nio-8080-exec-1] o.s.s.w.u.matcher.AntPathRequestMatcher  : Request 'POST /error' doesn't match 'GET /**'
2019-01-07 17:04:12.769 -DEBUG 8656 [nio-8080-exec-1] o.s.s.w.util.matcher.AndRequestMatcher   : Did not match
2019-01-07 17:04:12.769 -DEBUG 8656 [nio-8080-exec-1] o.s.s.w.s.HttpSessionRequestCache        : Request not saved as configured RequestMatcher did not match
2019-01-07 17:04:12.769 -DEBUG 8656 [nio-8080-exec-1] o.s.s.w.a.ExceptionTranslationFilter     : Calling Authentication entry point.
2019-01-07 17:04:12.770 -DEBUG 8656 [nio-8080-exec-1] s.w.a.DelegatingAuthenticationEntryPoint : Trying to match using AndRequestMatcher [requestMatchers=[NegatedRequestMatcher [requestMatcher=RequestHeaderRequestMatcher [expectedHeaderName=X-Requested-With, expectedHeaderValue=XMLHttpRequest]], MediaTypeRequestMatcher [contentNegotiationStrategy=org.springframework.web.accept.ContentNegotiationManager@42383cb0, matchingMediaTypes=[application/xhtml+xml, image/*, text/html, text/plain], useEquals=false, ignoredMediaTypes=[*/*]]]]
2019-01-07 17:04:12.770 -DEBUG 8656 [nio-8080-exec-1] o.s.s.w.util.matcher.AndRequestMatcher   : Trying to match using NegatedRequestMatcher [requestMatcher=RequestHeaderRequestMatcher [expectedHeaderName=X-Requested-With, expectedHeaderValue=XMLHttpRequest]]
2019-01-07 17:04:12.770 -DEBUG 8656 [nio-8080-exec-1] o.s.s.w.u.matcher.NegatedRequestMatcher  : matches = true
2019-01-07 17:04:12.770 -DEBUG 8656 [nio-8080-exec-1] o.s.s.w.util.matcher.AndRequestMatcher   : Trying to match using MediaTypeRequestMatcher [contentNegotiationStrategy=org.springframework.web.accept.ContentNegotiationManager@42383cb0, matchingMediaTypes=[application/xhtml+xml, image/*, text/html, text/plain], useEquals=false, ignoredMediaTypes=[*/*]]
2019-01-07 17:04:12.773 -DEBUG 8656 [nio-8080-exec-1] o.s.s.w.u.m.MediaTypeRequestMatcher      : httpRequestMediaTypes=[*/*]
2019-01-07 17:04:12.773 -DEBUG 8656 [nio-8080-exec-1] o.s.s.w.u.m.MediaTypeRequestMatcher      : Processing */*
2019-01-07 17:04:12.773 -DEBUG 8656 [nio-8080-exec-1] o.s.s.w.u.m.MediaTypeRequestMatcher      : Ignoring
2019-01-07 17:04:12.773 -DEBUG 8656 [nio-8080-exec-1] o.s.s.w.u.m.MediaTypeRequestMatcher      : Did not match any media types
2019-01-07 17:04:12.773 -DEBUG 8656 [nio-8080-exec-1] o.s.s.w.util.matcher.AndRequestMatcher   : Did not match
2019-01-07 17:04:12.774 -DEBUG 8656 [nio-8080-exec-1] s.w.a.DelegatingAuthenticationEntryPoint : Trying to match using OrRequestMatcher [requestMatchers=[RequestHeaderRequestMatcher [expectedHeaderName=X-Requested-With, expectedHeaderValue=XMLHttpRequest], AndRequestMatcher [requestMatchers=[NegatedRequestMatcher [requestMatcher=MediaTypeRequestMatcher [contentNegotiationStrategy=org.springframework.web.accept.ContentNegotiationManager@42383cb0, matchingMediaTypes=[text/html], useEquals=false, ignoredMediaTypes=[]]], MediaTypeRequestMatcher [contentNegotiationStrategy=org.springframework.web.accept.ContentNegotiationManager@42383cb0, matchingMediaTypes=[application/atom+xml, application/x-www-form-urlencoded, application/json, application/octet-stream, application/xml, multipart/form-data, text/xml], useEquals=false, ignoredMediaTypes=[*/*]]]], MediaTypeRequestMatcher [contentNegotiationStrategy=org.springframework.web.accept.ContentNegotiationManager@42383cb0, matchingMediaTypes=[*/*], useEquals=true, ignoredMediaTypes=[]]]]
2019-01-07 17:04:12.774 -DEBUG 8656 [nio-8080-exec-1] o.s.s.web.util.matcher.OrRequestMatcher  : Trying to match using RequestHeaderRequestMatcher [expectedHeaderName=X-Requested-With, expectedHeaderValue=XMLHttpRequest]
2019-01-07 17:04:12.774 -DEBUG 8656 [nio-8080-exec-1] o.s.s.web.util.matcher.OrRequestMatcher  : Trying to match using AndRequestMatcher [requestMatchers=[NegatedRequestMatcher [requestMatcher=MediaTypeRequestMatcher [contentNegotiationStrategy=org.springframework.web.accept.ContentNegotiationManager@42383cb0, matchingMediaTypes=[text/html], useEquals=false, ignoredMediaTypes=[]]], MediaTypeRequestMatcher [contentNegotiationStrategy=org.springframework.web.accept.ContentNegotiationManager@42383cb0, matchingMediaTypes=[application/atom+xml, application/x-www-form-urlencoded, application/json, application/octet-stream, application/xml, multipart/form-data, text/xml], useEquals=false, ignoredMediaTypes=[*/*]]]]
2019-01-07 17:04:12.774 -DEBUG 8656 [nio-8080-exec-1] o.s.s.w.util.matcher.AndRequestMatcher   : Trying to match using NegatedRequestMatcher [requestMatcher=MediaTypeRequestMatcher [contentNegotiationStrategy=org.springframework.web.accept.ContentNegotiationManager@42383cb0, matchingMediaTypes=[text/html], useEquals=false, ignoredMediaTypes=[]]]
2019-01-07 17:04:12.774 -DEBUG 8656 [nio-8080-exec-1] o.s.s.w.u.m.MediaTypeRequestMatcher      : httpRequestMediaTypes=[*/*]
2019-01-07 17:04:12.774 -DEBUG 8656 [nio-8080-exec-1] o.s.s.w.u.m.MediaTypeRequestMatcher      : Processing */*
2019-01-07 17:04:12.775 -DEBUG 8656 [nio-8080-exec-1] o.s.s.w.u.m.MediaTypeRequestMatcher      : text/html .isCompatibleWith */* = true
2019-01-07 17:04:12.775 -DEBUG 8656 [nio-8080-exec-1] o.s.s.w.u.matcher.NegatedRequestMatcher  : matches = false
2019-01-07 17:04:12.775 -DEBUG 8656 [nio-8080-exec-1] o.s.s.w.util.matcher.AndRequestMatcher   : Did not match
2019-01-07 17:04:12.775 -DEBUG 8656 [nio-8080-exec-1] o.s.s.web.util.matcher.OrRequestMatcher  : Trying to match using MediaTypeRequestMatcher [contentNegotiationStrategy=org.springframework.web.accept.ContentNegotiationManager@42383cb0, matchingMediaTypes=[*/*], useEquals=true, ignoredMediaTypes=[]]
2019-01-07 17:04:12.775 -DEBUG 8656 [nio-8080-exec-1] o.s.s.w.u.m.MediaTypeRequestMatcher      : httpRequestMediaTypes=[*/*]
2019-01-07 17:04:12.775 -DEBUG 8656 [nio-8080-exec-1] o.s.s.w.u.m.MediaTypeRequestMatcher      : Processing */*
2019-01-07 17:04:12.776 -DEBUG 8656 [nio-8080-exec-1] o.s.s.w.u.m.MediaTypeRequestMatcher      : isEqualTo true
2019-01-07 17:04:12.777 -DEBUG 8656 [nio-8080-exec-1] o.s.s.web.util.matcher.OrRequestMatcher  : matched
2019-01-07 17:04:12.777 -DEBUG 8656 [nio-8080-exec-1] s.w.a.DelegatingAuthenticationEntryPoint : Match found! Executing org.springframework.security.web.authentication.DelegatingAuthenticationEntryPoint@1cbc5693
2019-01-07 17:04:12.777 -DEBUG 8656 [nio-8080-exec-1] s.w.a.DelegatingAuthenticationEntryPoint : Trying to match using RequestHeaderRequestMatcher [expectedHeaderName=X-Requested-With, expectedHeaderValue=XMLHttpRequest]
2019-01-07 17:04:12.777 -DEBUG 8656 [nio-8080-exec-1] s.w.a.DelegatingAuthenticationEntryPoint : No match found. Using default entry point org.springframework.security.web.authentication.www.BasicAuthenticationEntryPoint@510420b0
2019-01-07 17:04:12.777 -DEBUG 8656 [nio-8080-exec-1] w.c.HttpSessionSecurityContextRepository : SecurityContext is empty or contents are anonymous - context will not be stored in HttpSession.
2019-01-07 17:04:12.778 -DEBUG 8656 [nio-8080-exec-1] s.s.w.c.SecurityContextPersistenceFilter : SecurityContextHolder now cleared, as request processing completed
