2019-01-07 16:23:11.378 -DEBUG 8848 [           main] o.s.w.c.s.GenericWebApplicationContext   : Refreshing org.springframework.web.context.support.GenericWebApplicationContext@1040be71
2019-01-07 16:23:12.454 -DEBUG 8848 [           main] o.m.s.mapper.ClassPathMapperScanner      : Identified candidate component class: file [F:\GitHubRepositories\tengf\tf\target\classes\edu\charles\tf\mapper\CustomerMapper.class]
2019-01-07 16:23:12.455 -DEBUG 8848 [           main] o.m.s.mapper.ClassPathMapperScanner      : Identified candidate component class: file [F:\GitHubRepositories\tengf\tf\target\classes\edu\charles\tf\mapper\genrator\ArticleEntityMapper.class]
2019-01-07 16:23:12.455 -DEBUG 8848 [           main] o.m.s.mapper.ClassPathMapperScanner      : Ignored because not a concrete top-level class: file [F:\GitHubRepositories\tengf\tf\target\classes\edu\charles\tf\mapper\genrator\ArticleEntitySqlProvider.class]
2019-01-07 16:23:12.455 -DEBUG 8848 [           main] o.m.s.mapper.ClassPathMapperScanner      : Identified candidate component class: file [F:\GitHubRepositories\tengf\tf\target\classes\edu\charles\tf\mapper\genrator\AuthorEntityMapper.class]
2019-01-07 16:23:12.455 -DEBUG 8848 [           main] o.m.s.mapper.ClassPathMapperScanner      : Ignored because not a concrete top-level class: file [F:\GitHubRepositories\tengf\tf\target\classes\edu\charles\tf\mapper\genrator\AuthorEntitySqlProvider.class]
2019-01-07 16:23:12.455 -DEBUG 8848 [           main] o.m.s.mapper.ClassPathMapperScanner      : Identified candidate component class: file [F:\GitHubRepositories\tengf\tf\target\classes\edu\charles\tf\mapper\genrator\CustomerEntityMapper.class]
2019-01-07 16:23:12.455 -DEBUG 8848 [           main] o.m.s.mapper.ClassPathMapperScanner      : Ignored because not a concrete top-level class: file [F:\GitHubRepositories\tengf\tf\target\classes\edu\charles\tf\mapper\genrator\CustomerEntitySqlProvider.class]
2019-01-07 16:23:12.456 -DEBUG 8848 [           main] o.m.s.mapper.ClassPathMapperScanner      : Identified candidate component class: file [F:\GitHubRepositories\tengf\tf\target\classes\edu\charles\tf\mapper\genrator\TagsEntityMapper.class]
2019-01-07 16:23:12.456 -DEBUG 8848 [           main] o.m.s.mapper.ClassPathMapperScanner      : Ignored because not a concrete top-level class: file [F:\GitHubRepositories\tengf\tf\target\classes\edu\charles\tf\mapper\genrator\TagsEntitySqlProvider.class]
2019-01-07 16:23:12.456 -DEBUG 8848 [           main] o.m.s.mapper.ClassPathMapperScanner      : Creating MapperFactoryBean with name 'customerMapper' and 'edu.charles.tf.mapper.CustomerMapper' mapperInterface
2019-01-07 16:23:12.456 -DEBUG 8848 [           main] o.m.s.mapper.ClassPathMapperScanner      : Enabling autowire by type for MapperFactoryBean with name 'customerMapper'.
2019-01-07 16:23:12.456 -DEBUG 8848 [           main] o.m.s.mapper.ClassPathMapperScanner      : Creating MapperFactoryBean with name 'articleEntityMapper' and 'edu.charles.tf.mapper.genrator.ArticleEntityMapper' mapperInterface
2019-01-07 16:23:12.456 -DEBUG 8848 [           main] o.m.s.mapper.ClassPathMapperScanner      : Enabling autowire by type for MapperFactoryBean with name 'articleEntityMapper'.
2019-01-07 16:23:12.457 -DEBUG 8848 [           main] o.m.s.mapper.ClassPathMapperScanner      : Creating MapperFactoryBean with name 'authorEntityMapper' and 'edu.charles.tf.mapper.genrator.AuthorEntityMapper' mapperInterface
2019-01-07 16:23:12.457 -DEBUG 8848 [           main] o.m.s.mapper.ClassPathMapperScanner      : Enabling autowire by type for MapperFactoryBean with name 'authorEntityMapper'.
2019-01-07 16:23:12.457 -DEBUG 8848 [           main] o.m.s.mapper.ClassPathMapperScanner      : Creating MapperFactoryBean with name 'customerEntityMapper' and 'edu.charles.tf.mapper.genrator.CustomerEntityMapper' mapperInterface
2019-01-07 16:23:12.457 -DEBUG 8848 [           main] o.m.s.mapper.ClassPathMapperScanner      : Enabling autowire by type for MapperFactoryBean with name 'customerEntityMapper'.
2019-01-07 16:23:12.457 -DEBUG 8848 [           main] o.m.s.mapper.ClassPathMapperScanner      : Creating MapperFactoryBean with name 'tagsEntityMapper' and 'edu.charles.tf.mapper.genrator.TagsEntityMapper' mapperInterface
2019-01-07 16:23:12.457 -DEBUG 8848 [           main] o.m.s.mapper.ClassPathMapperScanner      : Enabling autowire by type for MapperFactoryBean with name 'tagsEntityMapper'.
2019-01-07 16:23:13.645 -DEBUG 8848 [           main] o.mybatis.spring.SqlSessionFactoryBean   : Scanned package: 'edu.charles.tf.entity' for aliases
2019-01-07 16:23:13.647 -DEBUG 8848 [           main] o.mybatis.spring.SqlSessionFactoryBean   : Property 'mapperLocations' was not specified or no matching resources found
2019-01-07 16:23:14.398 -DEBUG 8848 [           main] o.s.w.s.handler.SimpleUrlHandlerMapping  : Patterns [/**/favicon.ico] in 'faviconHandlerMapping'
2019-01-07 16:23:14.876 -DEBUG 8848 [           main] s.w.s.m.m.a.RequestMappingHandlerAdapter : ControllerAdvice beans: 0 @ModelAttribute, 0 @InitBinder, 1 RequestBodyAdvice, 1 ResponseBodyAdvice
2019-01-07 16:23:15.140 -DEBUG 8848 [           main] s.w.s.m.m.a.RequestMappingHandlerMapping : 2 mappings in 'requestMappingHandlerMapping'
2019-01-07 16:23:15.175 -DEBUG 8848 [           main] o.s.w.s.handler.SimpleUrlHandlerMapping  : Patterns [/webjars/**, /**] in 'resourceHandlerMapping'
2019-01-07 16:23:15.195 -DEBUG 8848 [           main] .m.m.a.ExceptionHandlerExceptionResolver : ControllerAdvice beans: 0 @ExceptionHandler, 1 ResponseBodyAdvice
2019-01-07 16:23:15.621 -DEBUG 8848 [           main] eGlobalAuthenticationAutowiredConfigurer : Eagerly initializing {org.springframework.boot.autoconfigure.security.servlet.WebSecurityEnablerConfiguration=org.springframework.boot.autoconfigure.security.servlet.WebSecurityEnablerConfiguration$$EnhancerBySpringCGLIB$$390b85db@28c86134}
2019-01-07 16:23:15.943 -DEBUG 8848 [           main] s.s.c.a.w.c.WebSecurityConfigurerAdapter : Using default configure(HttpSecurity). If subclassed this will potentially override subclass configure(HttpSecurity).
2019-01-07 16:23:16.088 -DEBUG 8848 [           main] edFilterInvocationSecurityMetadataSource : Adding web access control expression 'authenticated', for any request
2019-01-07 16:23:16.105 -DEBUG 8848 [           main] o.s.s.w.a.i.FilterSecurityInterceptor    : Validated configuration attributes
2019-01-07 16:23:16.106 -DEBUG 8848 [           main] o.s.s.w.a.i.FilterSecurityInterceptor    : Validated configuration attributes
2019-01-07 16:23:16.138 - INFO 8848 [           main] o.s.s.web.DefaultSecurityFilterChain     : Creating filter chain: any request, [org.springframework.security.web.context.request.async.WebAsyncManagerIntegrationFilter@113e13f9, org.springframework.security.web.context.SecurityContextPersistenceFilter@17d32e9b, org.springframework.security.web.header.HeaderWriterFilter@496a31da, org.springframework.security.web.csrf.CsrfFilter@28cb3a25, org.springframework.security.web.authentication.logout.LogoutFilter@704641e3, org.springframework.security.web.authentication.UsernamePasswordAuthenticationFilter@4a67b4ec, org.springframework.security.web.authentication.ui.DefaultLoginPageGeneratingFilter@108a46d6, org.springframework.security.web.authentication.ui.DefaultLogoutPageGeneratingFilter@1c7f96b1, org.springframework.security.web.authentication.www.BasicAuthenticationFilter@14823f76, org.springframework.security.web.savedrequest.RequestCacheAwareFilter@2e6f610d, org.springframework.security.web.servletapi.SecurityContextHolderAwareRequestFilter@4715ae33, org.springframework.security.web.authentication.AnonymousAuthenticationFilter@7979b8b7, org.springframework.security.web.session.SessionManagementFilter@51841ac6, org.springframework.security.web.access.ExceptionTranslationFilter@29138d3a, org.springframework.security.web.access.intercept.FilterSecurityInterceptor@1d23ff23]
2019-01-07 16:23:16.644 -DEBUG 8848 [           main] org.mybatis.spring.SqlSessionUtils       : Creating a new SqlSession
2019-01-07 16:23:16.653 -DEBUG 8848 [           main] org.mybatis.spring.SqlSessionUtils       : SqlSession [org.apache.ibatis.session.defaults.DefaultSqlSession@444f44c5] was not registered for synchronization because synchronization is not active
2019-01-07 16:23:16.964 -DEBUG 8848 [           main] o.m.s.t.SpringManagedTransaction         : JDBC Connection [HikariProxyConnection@1206195529 wrapping com.mysql.cj.jdbc.ConnectionImpl@101a461c] will not be managed by Spring
2019-01-07 16:23:17.067 -DEBUG 8848 [           main] org.mybatis.spring.SqlSessionUtils       : Closing non transactional SqlSession [org.apache.ibatis.session.defaults.DefaultSqlSession@444f44c5]
2019-01-07 16:23:17.202 -DEBUG 8848 [       Thread-2] o.s.w.c.s.GenericWebApplicationContext   : Closing org.springframework.web.context.support.GenericWebApplicationContext@1040be71, started on Mon Jan 07 16:23:11 CST 2019
2019-01-07 16:31:13.273 -DEBUG 5320 [           main] o.s.w.c.s.GenericWebApplicationContext   : Refreshing org.springframework.web.context.support.GenericWebApplicationContext@1040be71
2019-01-07 16:31:14.848 -DEBUG 5320 [           main] o.m.s.mapper.ClassPathMapperScanner      : Identified candidate component class: file [F:\GitHubRepositories\tengf\tf\target\classes\edu\charles\tf\mapper\CustomerMapper.class]
2019-01-07 16:31:14.849 -DEBUG 5320 [           main] o.m.s.mapper.ClassPathMapperScanner      : Identified candidate component class: file [F:\GitHubRepositories\tengf\tf\target\classes\edu\charles\tf\mapper\genrator\ArticleEntityMapper.class]
2019-01-07 16:31:14.849 -DEBUG 5320 [           main] o.m.s.mapper.ClassPathMapperScanner      : Ignored because not a concrete top-level class: file [F:\GitHubRepositories\tengf\tf\target\classes\edu\charles\tf\mapper\genrator\ArticleEntitySqlProvider.class]
2019-01-07 16:31:14.849 -DEBUG 5320 [           main] o.m.s.mapper.ClassPathMapperScanner      : Identified candidate component class: file [F:\GitHubRepositories\tengf\tf\target\classes\edu\charles\tf\mapper\genrator\AuthorEntityMapper.class]
2019-01-07 16:31:14.850 -DEBUG 5320 [           main] o.m.s.mapper.ClassPathMapperScanner      : Ignored because not a concrete top-level class: file [F:\GitHubRepositories\tengf\tf\target\classes\edu\charles\tf\mapper\genrator\AuthorEntitySqlProvider.class]
2019-01-07 16:31:14.860 -DEBUG 5320 [           main] o.m.s.mapper.ClassPathMapperScanner      : Identified candidate component class: file [F:\GitHubRepositories\tengf\tf\target\classes\edu\charles\tf\mapper\genrator\CustomerEntityMapper.class]
2019-01-07 16:31:14.861 -DEBUG 5320 [           main] o.m.s.mapper.ClassPathMapperScanner      : Ignored because not a concrete top-level class: file [F:\GitHubRepositories\tengf\tf\target\classes\edu\charles\tf\mapper\genrator\CustomerEntitySqlProvider.class]
2019-01-07 16:31:14.861 -DEBUG 5320 [           main] o.m.s.mapper.ClassPathMapperScanner      : Identified candidate component class: file [F:\GitHubRepositories\tengf\tf\target\classes\edu\charles\tf\mapper\genrator\TagsEntityMapper.class]
2019-01-07 16:31:14.862 -DEBUG 5320 [           main] o.m.s.mapper.ClassPathMapperScanner      : Ignored because not a concrete top-level class: file [F:\GitHubRepositories\tengf\tf\target\classes\edu\charles\tf\mapper\genrator\TagsEntitySqlProvider.class]
2019-01-07 16:31:14.862 -DEBUG 5320 [           main] o.m.s.mapper.ClassPathMapperScanner      : Creating MapperFactoryBean with name 'customerMapper' and 'edu.charles.tf.mapper.CustomerMapper' mapperInterface
2019-01-07 16:31:14.862 -DEBUG 5320 [           main] o.m.s.mapper.ClassPathMapperScanner      : Enabling autowire by type for MapperFactoryBean with name 'customerMapper'.
2019-01-07 16:31:14.863 -DEBUG 5320 [           main] o.m.s.mapper.ClassPathMapperScanner      : Creating MapperFactoryBean with name 'articleEntityMapper' and 'edu.charles.tf.mapper.genrator.ArticleEntityMapper' mapperInterface
2019-01-07 16:31:14.863 -DEBUG 5320 [           main] o.m.s.mapper.ClassPathMapperScanner      : Enabling autowire by type for MapperFactoryBean with name 'articleEntityMapper'.
2019-01-07 16:31:14.864 -DEBUG 5320 [           main] o.m.s.mapper.ClassPathMapperScanner      : Creating MapperFactoryBean with name 'authorEntityMapper' and 'edu.charles.tf.mapper.genrator.AuthorEntityMapper' mapperInterface
2019-01-07 16:31:14.864 -DEBUG 5320 [           main] o.m.s.mapper.ClassPathMapperScanner      : Enabling autowire by type for MapperFactoryBean with name 'authorEntityMapper'.
2019-01-07 16:31:14.864 -DEBUG 5320 [           main] o.m.s.mapper.ClassPathMapperScanner      : Creating MapperFactoryBean with name 'customerEntityMapper' and 'edu.charles.tf.mapper.genrator.CustomerEntityMapper' mapperInterface
2019-01-07 16:31:14.864 -DEBUG 5320 [           main] o.m.s.mapper.ClassPathMapperScanner      : Enabling autowire by type for MapperFactoryBean with name 'customerEntityMapper'.
2019-01-07 16:31:14.866 -DEBUG 5320 [           main] o.m.s.mapper.ClassPathMapperScanner      : Creating MapperFactoryBean with name 'tagsEntityMapper' and 'edu.charles.tf.mapper.genrator.TagsEntityMapper' mapperInterface
2019-01-07 16:31:14.868 -DEBUG 5320 [           main] o.m.s.mapper.ClassPathMapperScanner      : Enabling autowire by type for MapperFactoryBean with name 'tagsEntityMapper'.
2019-01-07 16:31:16.606 -DEBUG 5320 [           main] o.mybatis.spring.SqlSessionFactoryBean   : Scanned package: 'edu.charles.tf.entity' for aliases
2019-01-07 16:31:16.610 -DEBUG 5320 [           main] o.mybatis.spring.SqlSessionFactoryBean   : Property 'mapperLocations' was not specified or no matching resources found
2019-01-07 16:31:18.336 -DEBUG 5320 [           main] o.s.w.s.handler.SimpleUrlHandlerMapping  : Patterns [/**/favicon.ico] in 'faviconHandlerMapping'
2019-01-07 16:31:19.254 -DEBUG 5320 [           main] s.w.s.m.m.a.RequestMappingHandlerAdapter : ControllerAdvice beans: 0 @ModelAttribute, 0 @InitBinder, 1 RequestBodyAdvice, 1 ResponseBodyAdvice
2019-01-07 16:31:19.908 -DEBUG 5320 [           main] s.w.s.m.m.a.RequestMappingHandlerMapping : 2 mappings in 'requestMappingHandlerMapping'
2019-01-07 16:31:19.988 -DEBUG 5320 [           main] o.s.w.s.handler.SimpleUrlHandlerMapping  : Patterns [/webjars/**, /**] in 'resourceHandlerMapping'
2019-01-07 16:31:20.047 -DEBUG 5320 [           main] .m.m.a.ExceptionHandlerExceptionResolver : ControllerAdvice beans: 0 @ExceptionHandler, 1 ResponseBodyAdvice
2019-01-07 16:31:20.772 -DEBUG 5320 [           main] eGlobalAuthenticationAutowiredConfigurer : Eagerly initializing {org.springframework.boot.autoconfigure.security.servlet.WebSecurityEnablerConfiguration=org.springframework.boot.autoconfigure.security.servlet.WebSecurityEnablerConfiguration$$EnhancerBySpringCGLIB$$433324e8@154bd49b}
2019-01-07 16:31:21.586 -DEBUG 5320 [           main] s.s.c.a.w.c.WebSecurityConfigurerAdapter : Using default configure(HttpSecurity). If subclassed this will potentially override subclass configure(HttpSecurity).
2019-01-07 16:31:21.825 -DEBUG 5320 [           main] edFilterInvocationSecurityMetadataSource : Adding web access control expression 'authenticated', for any request
2019-01-07 16:31:21.843 -DEBUG 5320 [           main] o.s.s.w.a.i.FilterSecurityInterceptor    : Validated configuration attributes
2019-01-07 16:31:21.845 -DEBUG 5320 [           main] o.s.s.w.a.i.FilterSecurityInterceptor    : Validated configuration attributes
2019-01-07 16:31:21.891 - INFO 5320 [           main] o.s.s.web.DefaultSecurityFilterChain     : Creating filter chain: any request, [org.springframework.security.web.context.request.async.WebAsyncManagerIntegrationFilter@37e0292a, org.springframework.security.web.context.SecurityContextPersistenceFilter@108a46d6, org.springframework.security.web.header.HeaderWriterFilter@6daf7d37, org.springframework.security.web.csrf.CsrfFilter@19f7222e, org.springframework.security.web.authentication.logout.LogoutFilter@67b100fe, org.springframework.security.web.authentication.UsernamePasswordAuthenticationFilter@7a04fea7, org.springframework.security.web.authentication.ui.DefaultLoginPageGeneratingFilter@534c6767, org.springframework.security.web.authentication.ui.DefaultLogoutPageGeneratingFilter@4af70944, org.springframework.security.web.authentication.www.BasicAuthenticationFilter@5c080ef3, org.springframework.security.web.savedrequest.RequestCacheAwareFilter@17690e14, org.springframework.security.web.servletapi.SecurityContextHolderAwareRequestFilter@c6c82aa, org.springframework.security.web.authentication.AnonymousAuthenticationFilter@35267fd4, org.springframework.security.web.session.SessionManagementFilter@4715ae33, org.springframework.security.web.access.ExceptionTranslationFilter@212dfd39, org.springframework.security.web.access.intercept.FilterSecurityInterceptor@79fd6f95]
2019-01-07 16:31:22.566 -DEBUG 5320 [           main] org.mybatis.spring.SqlSessionUtils       : Creating a new SqlSession
2019-01-07 16:31:22.577 -DEBUG 5320 [           main] org.mybatis.spring.SqlSessionUtils       : SqlSession [org.apache.ibatis.session.defaults.DefaultSqlSession@6c6017b9] was not registered for synchronization because synchronization is not active
2019-01-07 16:31:22.917 -DEBUG 5320 [           main] o.m.s.t.SpringManagedTransaction         : JDBC Connection [HikariProxyConnection@1585776625 wrapping com.mysql.cj.jdbc.ConnectionImpl@4bcaa195] will not be managed by Spring
2019-01-07 16:31:22.989 -DEBUG 5320 [           main] org.mybatis.spring.SqlSessionUtils       : Closing non transactional SqlSession [org.apache.ibatis.session.defaults.DefaultSqlSession@6c6017b9]
2019-01-07 16:31:23.235 -DEBUG 5320 [       Thread-2] o.s.w.c.s.GenericWebApplicationContext   : Closing org.springframework.web.context.support.GenericWebApplicationContext@1040be71, started on Mon Jan 07 16:31:13 CST 2019
2019-01-07 16:32:08.475 -DEBUG 8660 [           main] o.s.w.c.s.GenericWebApplicationContext   : Refreshing org.springframework.web.context.support.GenericWebApplicationContext@1040be71
2019-01-07 16:32:09.830 -DEBUG 8660 [           main] o.m.s.mapper.ClassPathMapperScanner      : Identified candidate component class: file [F:\GitHubRepositories\tengf\tf\target\classes\edu\charles\tf\mapper\CustomerMapper.class]
2019-01-07 16:32:09.831 -DEBUG 8660 [           main] o.m.s.mapper.ClassPathMapperScanner      : Identified candidate component class: file [F:\GitHubRepositories\tengf\tf\target\classes\edu\charles\tf\mapper\genrator\ArticleEntityMapper.class]
2019-01-07 16:32:09.831 -DEBUG 8660 [           main] o.m.s.mapper.ClassPathMapperScanner      : Ignored because not a concrete top-level class: file [F:\GitHubRepositories\tengf\tf\target\classes\edu\charles\tf\mapper\genrator\ArticleEntitySqlProvider.class]
2019-01-07 16:32:09.831 -DEBUG 8660 [           main] o.m.s.mapper.ClassPathMapperScanner      : Identified candidate component class: file [F:\GitHubRepositories\tengf\tf\target\classes\edu\charles\tf\mapper\genrator\AuthorEntityMapper.class]
2019-01-07 16:32:09.831 -DEBUG 8660 [           main] o.m.s.mapper.ClassPathMapperScanner      : Ignored because not a concrete top-level class: file [F:\GitHubRepositories\tengf\tf\target\classes\edu\charles\tf\mapper\genrator\AuthorEntitySqlProvider.class]
2019-01-07 16:32:09.831 -DEBUG 8660 [           main] o.m.s.mapper.ClassPathMapperScanner      : Identified candidate component class: file [F:\GitHubRepositories\tengf\tf\target\classes\edu\charles\tf\mapper\genrator\CustomerEntityMapper.class]
2019-01-07 16:32:09.831 -DEBUG 8660 [           main] o.m.s.mapper.ClassPathMapperScanner      : Ignored because not a concrete top-level class: file [F:\GitHubRepositories\tengf\tf\target\classes\edu\charles\tf\mapper\genrator\CustomerEntitySqlProvider.class]
2019-01-07 16:32:09.832 -DEBUG 8660 [           main] o.m.s.mapper.ClassPathMapperScanner      : Identified candidate component class: file [F:\GitHubRepositories\tengf\tf\target\classes\edu\charles\tf\mapper\genrator\TagsEntityMapper.class]
2019-01-07 16:32:09.832 -DEBUG 8660 [           main] o.m.s.mapper.ClassPathMapperScanner      : Ignored because not a concrete top-level class: file [F:\GitHubRepositories\tengf\tf\target\classes\edu\charles\tf\mapper\genrator\TagsEntitySqlProvider.class]
2019-01-07 16:32:09.832 -DEBUG 8660 [           main] o.m.s.mapper.ClassPathMapperScanner      : Creating MapperFactoryBean with name 'customerMapper' and 'edu.charles.tf.mapper.CustomerMapper' mapperInterface
2019-01-07 16:32:09.832 -DEBUG 8660 [           main] o.m.s.mapper.ClassPathMapperScanner      : Enabling autowire by type for MapperFactoryBean with name 'customerMapper'.
2019-01-07 16:32:09.833 -DEBUG 8660 [           main] o.m.s.mapper.ClassPathMapperScanner      : Creating MapperFactoryBean with name 'articleEntityMapper' and 'edu.charles.tf.mapper.genrator.ArticleEntityMapper' mapperInterface
2019-01-07 16:32:09.833 -DEBUG 8660 [           main] o.m.s.mapper.ClassPathMapperScanner      : Enabling autowire by type for MapperFactoryBean with name 'articleEntityMapper'.
2019-01-07 16:32:09.833 -DEBUG 8660 [           main] o.m.s.mapper.ClassPathMapperScanner      : Creating MapperFactoryBean with name 'authorEntityMapper' and 'edu.charles.tf.mapper.genrator.AuthorEntityMapper' mapperInterface
2019-01-07 16:32:09.833 -DEBUG 8660 [           main] o.m.s.mapper.ClassPathMapperScanner      : Enabling autowire by type for MapperFactoryBean with name 'authorEntityMapper'.
2019-01-07 16:32:09.833 -DEBUG 8660 [           main] o.m.s.mapper.ClassPathMapperScanner      : Creating MapperFactoryBean with name 'customerEntityMapper' and 'edu.charles.tf.mapper.genrator.CustomerEntityMapper' mapperInterface
2019-01-07 16:32:09.833 -DEBUG 8660 [           main] o.m.s.mapper.ClassPathMapperScanner      : Enabling autowire by type for MapperFactoryBean with name 'customerEntityMapper'.
2019-01-07 16:32:09.833 -DEBUG 8660 [           main] o.m.s.mapper.ClassPathMapperScanner      : Creating MapperFactoryBean with name 'tagsEntityMapper' and 'edu.charles.tf.mapper.genrator.TagsEntityMapper' mapperInterface
2019-01-07 16:32:09.833 -DEBUG 8660 [           main] o.m.s.mapper.ClassPathMapperScanner      : Enabling autowire by type for MapperFactoryBean with name 'tagsEntityMapper'.
2019-01-07 16:32:11.195 -DEBUG 8660 [           main] o.mybatis.spring.SqlSessionFactoryBean   : Scanned package: 'edu.charles.tf.entity' for aliases
2019-01-07 16:32:11.197 -DEBUG 8660 [           main] o.mybatis.spring.SqlSessionFactoryBean   : Property 'mapperLocations' was not specified or no matching resources found
2019-01-07 16:32:11.931 -DEBUG 8660 [           main] o.s.w.s.handler.SimpleUrlHandlerMapping  : Patterns [/**/favicon.ico] in 'faviconHandlerMapping'
2019-01-07 16:32:12.284 -DEBUG 8660 [           main] s.w.s.m.m.a.RequestMappingHandlerAdapter : ControllerAdvice beans: 0 @ModelAttribute, 0 @InitBinder, 1 RequestBodyAdvice, 1 ResponseBodyAdvice
2019-01-07 16:32:12.613 -DEBUG 8660 [           main] s.w.s.m.m.a.RequestMappingHandlerMapping : 2 mappings in 'requestMappingHandlerMapping'
2019-01-07 16:32:12.664 -DEBUG 8660 [           main] o.s.w.s.handler.SimpleUrlHandlerMapping  : Patterns [/webjars/**, /**] in 'resourceHandlerMapping'
2019-01-07 16:32:12.695 -DEBUG 8660 [           main] .m.m.a.ExceptionHandlerExceptionResolver : ControllerAdvice beans: 0 @ExceptionHandler, 1 ResponseBodyAdvice
2019-01-07 16:32:13.177 -DEBUG 8660 [           main] eGlobalAuthenticationAutowiredConfigurer : Eagerly initializing {org.springframework.boot.autoconfigure.security.servlet.WebSecurityEnablerConfiguration=org.springframework.boot.autoconfigure.security.servlet.WebSecurityEnablerConfiguration$$EnhancerBySpringCGLIB$$433324e8@154bd49b}
2019-01-07 16:32:13.487 -DEBUG 8660 [           main] s.s.c.a.w.c.WebSecurityConfigurerAdapter : Using default configure(HttpSecurity). If subclassed this will potentially override subclass configure(HttpSecurity).
2019-01-07 16:32:13.635 -DEBUG 8660 [           main] edFilterInvocationSecurityMetadataSource : Adding web access control expression 'authenticated', for any request
2019-01-07 16:32:13.651 -DEBUG 8660 [           main] o.s.s.w.a.i.FilterSecurityInterceptor    : Validated configuration attributes
2019-01-07 16:32:13.653 -DEBUG 8660 [           main] o.s.s.w.a.i.FilterSecurityInterceptor    : Validated configuration attributes
2019-01-07 16:32:13.681 - INFO 8660 [           main] o.s.s.web.DefaultSecurityFilterChain     : Creating filter chain: any request, [org.springframework.security.web.context.request.async.WebAsyncManagerIntegrationFilter@37e0292a, org.springframework.security.web.context.SecurityContextPersistenceFilter@108a46d6, org.springframework.security.web.header.HeaderWriterFilter@6daf7d37, org.springframework.security.web.csrf.CsrfFilter@19f7222e, org.springframework.security.web.authentication.logout.LogoutFilter@67b100fe, org.springframework.security.web.authentication.UsernamePasswordAuthenticationFilter@7a04fea7, org.springframework.security.web.authentication.ui.DefaultLoginPageGeneratingFilter@534c6767, org.springframework.security.web.authentication.ui.DefaultLogoutPageGeneratingFilter@4af70944, org.springframework.security.web.authentication.www.BasicAuthenticationFilter@5c080ef3, org.springframework.security.web.savedrequest.RequestCacheAwareFilter@17690e14, org.springframework.security.web.servletapi.SecurityContextHolderAwareRequestFilter@c6c82aa, org.springframework.security.web.authentication.AnonymousAuthenticationFilter@35267fd4, org.springframework.security.web.session.SessionManagementFilter@4715ae33, org.springframework.security.web.access.ExceptionTranslationFilter@212dfd39, org.springframework.security.web.access.intercept.FilterSecurityInterceptor@79fd6f95]
2019-01-07 16:32:14.222 -DEBUG 8660 [           main] org.mybatis.spring.SqlSessionUtils       : Creating a new SqlSession
2019-01-07 16:32:14.228 -DEBUG 8660 [           main] org.mybatis.spring.SqlSessionUtils       : SqlSession [org.apache.ibatis.session.defaults.DefaultSqlSession@6c6017b9] was not registered for synchronization because synchronization is not active
2019-01-07 16:32:14.514 -DEBUG 8660 [           main] o.m.s.t.SpringManagedTransaction         : JDBC Connection [HikariProxyConnection@1585776625 wrapping com.mysql.cj.jdbc.ConnectionImpl@4bcaa195] will not be managed by Spring
2019-01-07 16:32:14.595 -DEBUG 8660 [           main] org.mybatis.spring.SqlSessionUtils       : Closing non transactional SqlSession [org.apache.ibatis.session.defaults.DefaultSqlSession@6c6017b9]
2019-01-07 16:32:14.773 -DEBUG 8660 [       Thread-2] o.s.w.c.s.GenericWebApplicationContext   : Closing org.springframework.web.context.support.GenericWebApplicationContext@1040be71, started on Mon Jan 07 16:32:08 CST 2019
